TN:
SF:src\domain\usecases\index.js
FNF:0
FNH:0
DA:1,1
DA:3,1
LF:2
LH:2
BRF:0
BRH:0
end_of_record
TN:
SF:src\presentation\errors\index.js
FNF:0
FNH:0
DA:1,1
DA:2,1
DA:4,1
LF:3
LH:3
BRF:0
BRH:0
end_of_record
TN:
SF:src\presentation\routers\login-router.js
FN:5,(anonymous_0)
FN:10,(anonymous_1)
FNF:2
FNH:2
FNDA:15,(anonymous_0)
FNDA:15,(anonymous_1)
DA:1,1
DA:2,1
DA:4,1
DA:6,15
DA:7,15
DA:11,15
DA:12,15
DA:13,13
DA:14,1
DA:16,12
DA:17,1
DA:19,5
DA:20,1
DA:22,4
DA:23,4
DA:24,1
DA:26,3
DA:28,8
LF:18
LH:18
BRDA:13,0,0,1
BRDA:13,0,1,12
BRDA:16,1,0,1
BRDA:16,1,1,5
BRDA:19,2,0,1
BRDA:19,2,1,4
BRDA:23,3,0,1
BRDA:23,3,1,3
BRF:8
BRH:8
end_of_record
TN:
SF:src\utils\errors\index.js
FNF:0
FNH:0
DA:1,2
DA:2,2
DA:4,2
LF:3
LH:3
BRF:0
BRH:0
end_of_record
